<?xml version="1.0" encoding="UTF-8"?>
<testng-results skipped="0" failed="0" total="1" passed="1">
  <reporter-output>
  </reporter-output>
  <suite name="Suite" duration-ms="70755" started-at="2019-02-22T17:01:17Z" finished-at="2019-02-22T17:02:28Z">
    <groups>
    </groups>
    <test name="Test" duration-ms="70755" started-at="2019-02-22T17:01:17Z" finished-at="2019-02-22T17:02:28Z">
      <class name="Selenium.mainClass">
        <test-method status="PASS" signature="baseNavigation()[pri:0, instance:Selenium.mainClass@3d24753a]" name="baseNavigation" duration-ms="70739" started-at="2019-02-22T12:01:17Z" finished-at="2019-02-22T12:02:28Z">
          <reporter-output>
          </reporter-output>
        </test-method> <!-- baseNavigation -->
      </class> <!-- Selenium.mainClass -->
    </test> <!-- Test -->
  </suite> <!-- Suite -->
</testng-results>
