<?xml version="1.0" encoding="UTF-8"?>
<testng-results skipped="0" failed="0" total="1" passed="1">
  <reporter-output>
  </reporter-output>
  <suite name="Default suite" duration-ms="2107147" started-at="2019-06-13T19:08:25Z" finished-at="2019-06-13T19:43:32Z">
    <groups>
    </groups>
    <test name="Default test" duration-ms="2107147" started-at="2019-06-13T19:08:25Z" finished-at="2019-06-13T19:43:32Z">
      <class name="Selenium.mainClass">
        <test-method status="PASS" signature="baseNavigation()[pri:0, instance:Selenium.mainClass@2a2d45ba]" name="baseNavigation" duration-ms="2107109" started-at="2019-06-13T15:08:25Z" finished-at="2019-06-13T15:43:32Z">
          <reporter-output>
          </reporter-output>
        </test-method> <!-- baseNavigation -->
      </class> <!-- Selenium.mainClass -->
    </test> <!-- Default test -->
  </suite> <!-- Default suite -->
</testng-results>
